<?xml version="1.0" encoding="utf-8" ?>
<!DOCTYPE html PUBLIC "-//W3C//DTD XHTML 1.0 Strict//EN"
        "http://www.w3.org/TR/xhtml1/DTD/xhtml1-strict.dtd">
<html xmlns="http://www.w3.org/1999/xhtml" xml:lang="" lang="">
<head>
  <title>Test Results Report - 银行卡支付-合并-无红包-正常流程 0</title>
  <meta http-equiv="Content-Type" content="text/html;charset=utf-8" />
  <meta name="description" content="TestNG unit test results." />
  <link href="reportng.css" rel="stylesheet" type="text/css" />
    <link href="lightbox/css/lightbox.css" rel="stylesheet" />
<script src="lightbox/js/jquery-1.11.0.min.js"></script>
<script src="lightbox/js/lightbox.min.js"></script>
  <script type="text/javascript" src="reportng.js"></script>
</head>
<body>
<h1>银行卡支付-合并-无红包-正常流程 0</h1>
<p>
  Test duration: 81.405s
</p>



  <table class="resultsTable">
    <tr><th colspan="3" class="header failed">Failed Tests</th></tr>
          <tr>
        <td colspan="3" class="group">com.alipay.autotest.mobile.testsuites.TestCaseRunner</td>
      </tr>
            
<tr>
  <td class="method">
                  test
      </td>
  <td class="duration">
    80.200s
  </td>
  <td class="result">
        
          <i>Method arguments: </i><span class="arguments">"0", "1", "银行卡支付-合并-无红包-正常流程"</span><br />
    
            <div class="testOutput">
                        类型:银行卡支付-合并-无红包-正常流程<br/>
                                描述:ORDERID<br/>
                                启动:C:\Workspace\interautotest_installware\1419951338358_705_demo.apk
                                <a data-lightbox='bbe86f4d8b39cc5c015e70552d0bfc56' href ="./2015_01_20_10_09_32_启动界面.png">页面截图</a><br/>
                                执行 '点击 |  | 开发环境 || test环境 || STABLE' 成功
                                <a data-lightbox='751e4d6cb9a864dff02815d4c9f7b66d' href ="./2015_01_20_10_09_34_1a6dde69ff9e15a5ffae5de96a6d9b885.png">页面截图</a><br/>
                                执行 '多选位置 |  | 选择框[3]' 成功
                                <a data-lightbox='a5fe08ecfa9842a136c92d36b5540e5f' href ="./2015_01_20_10_09_38_25c8bef604798cf90ab65774a6bd75b49.png">页面截图</a><br/>
                                执行 '点击 |  | 选择' 成功
                                <a data-lightbox='9146cc91f89d80143fcb75171b9f8d37' href ="./2015_01_20_10_09_45_30f252a11cdbd35a4fb074ab4879f0a77.png">页面截图</a><br/>
                                执行 '清屏 |  | 编辑框[1]' 成功
                                <a data-lightbox='e9d821021f0272139694d0270996a9e5' href ="./2015_01_20_10_10_00_1e1c77db286fc51ba6e1157c384c9cabe.png">页面截图</a><br/>
                                执行 '输入 | ORDERID | 编辑框[1]' 成功
                                <a data-lightbox='9b317594cfb3f24611118dd88b55bb1f' href ="./2015_01_20_10_10_06_270c9b59c5195abb648c3c0809b68dc9d.png">页面截图</a><br/>
                                执行 '输入 | ACCOUNT | 编辑框[2]' 成功
                                <a data-lightbox='7ac59bfa77abb9ff78c24d3716e4b40e' href ="./2015_01_20_10_10_11_34b52e094b398a73005dc66d91e9e5e9d.png">页面截图</a><br/>
                                执行 '点击 |  | 确定' 成功
                                <a data-lightbox='81984609db19b08fff160106988b9624' href ="./2015_01_20_10_10_17_4ba124e9b213e635bbd94420c1368d29d.png">页面截图</a><br/>
                                执行 '点击 |  | Credit Card || Alipay Balance || Qiwi || Baleto' 时出现错误

                                <a data-lightbox='6610f7eab395f59eba19fba6c8a32a2b' href ="./2015_01_20_10_10_47_6c50a3d7e4b027c79cfc69dc39b7c727.png">页面截图</a><br/>
                  </div>
    

        <a href="javascript:toggleElement('exception-0', 'block')" title="Click to expand/collapse"><b>java.lang.AssertionError: 执行 &apos;点击 |&nbsp; | Credit Card || Alipay Balance || Qiwi || Baleto&apos; 时出现错误<br/>
</b></a><br />
    <div class="stackTrace" id="exception-0">
              org.testng.Assert.fail(Assert.java:83)<br />
              com.alipay.autotest.mobile.testsuites.TestCaseRunner.runActions(TestCaseRunner.java:170)<br />
              com.alipay.autotest.mobile.testsuites.TestCaseRunner.test(TestCaseRunner.java:84)<br />
              sun.reflect.NativeMethodAccessorImpl.invoke0(Native Method)<br />
              sun.reflect.NativeMethodAccessorImpl.invoke(Unknown Source)<br />
              sun.reflect.DelegatingMethodAccessorImpl.invoke(Unknown Source)<br />
              java.lang.reflect.Method.invoke(Unknown Source)<br />
              org.testng.internal.MethodInvocationHelper.invokeMethod(MethodInvocationHelper.java:84)<br />
              org.testng.internal.Invoker.invokeMethod(Invoker.java:714)<br />
              org.testng.internal.Invoker.invokeTestMethod(Invoker.java:901)<br />
              org.testng.internal.Invoker.invokeTestMethods(Invoker.java:1231)<br />
              org.testng.internal.TestMethodWorker.invokeTestMethods(TestMethodWorker.java:127)<br />
              org.testng.internal.TestMethodWorker.run(TestMethodWorker.java:111)<br />
              org.testng.TestRunner.privateRun(TestRunner.java:767)<br />
              org.testng.TestRunner.run(TestRunner.java:617)<br />
              org.testng.SuiteRunner.runTest(SuiteRunner.java:348)<br />
              org.testng.SuiteRunner.runSequentially(SuiteRunner.java:343)<br />
              org.testng.SuiteRunner.privateRun(SuiteRunner.java:305)<br />
              org.testng.SuiteRunner.run(SuiteRunner.java:254)<br />
              org.testng.SuiteRunnerWorker.runSuite(SuiteRunnerWorker.java:52)<br />
              org.testng.SuiteRunnerWorker.run(SuiteRunnerWorker.java:86)<br />
              org.testng.TestNG.runSuitesSequentially(TestNG.java:1224)<br />
              org.testng.TestNG.runSuitesLocally(TestNG.java:1149)<br />
              org.testng.TestNG.run(TestNG.java:1057)<br />
              com.alipay.autotest.mobile.Main.main(Main.java:69)<br />
                    <b>Caused by: </b> <a href="javascript:toggleElement('exception-1', 'block')" title="Click to expand/collapse">org.openqa.selenium.NoSuchElementException: Type: name; Name: Credit Card || Alipay Balance || Qiwi || Baleto<br/>
For documentation on this error, please visit: http://seleniumhq.org/exceptions/no_such_element.html<br/>
Build info: version: &apos;2.44.0&apos;, revision: &apos;76d78cf323ce037c5f92db6c1bba601c2ac43ad8&apos;, time: &apos;2014-10-23 13:11:40&apos;<br/>
System info: host: &apos;SG-71462N&apos;, ip: &apos;10.34.19.47&apos;, os.name: &apos;Windows 7&apos;, os.arch: &apos;x86&apos;, os.version: &apos;6.1&apos;, java.version: &apos;1.7.0_51&apos;<br/>
Driver info: driver.version: unknown</a><br />
        <div class="stackTrace" id="exception-1">
                      com.alipay.autotest.mobile.appium.AppiumHelper.findElement(AppiumHelper.java:274)<br />
                      com.alipay.autotest.mobile.appium.AppiumHelper.performAction(AppiumHelper.java:126)<br />
                      com.alipay.autotest.mobile.testsuites.TestCaseRunner.runActions(TestCaseRunner.java:116)<br />
                      com.alipay.autotest.mobile.testsuites.TestCaseRunner.test(TestCaseRunner.java:84)<br />
                      sun.reflect.NativeMethodAccessorImpl.invoke0(Native Method)<br />
                      sun.reflect.NativeMethodAccessorImpl.invoke(Unknown Source)<br />
                      sun.reflect.DelegatingMethodAccessorImpl.invoke(Unknown Source)<br />
                      java.lang.reflect.Method.invoke(Unknown Source)<br />
                      org.testng.internal.MethodInvocationHelper.invokeMethod(MethodInvocationHelper.java:84)<br />
                      org.testng.internal.Invoker.invokeMethod(Invoker.java:714)<br />
                      org.testng.internal.Invoker.invokeTestMethod(Invoker.java:901)<br />
                      org.testng.internal.Invoker.invokeTestMethods(Invoker.java:1231)<br />
                      org.testng.internal.TestMethodWorker.invokeTestMethods(TestMethodWorker.java:127)<br />
                      org.testng.internal.TestMethodWorker.run(TestMethodWorker.java:111)<br />
                      org.testng.TestRunner.privateRun(TestRunner.java:767)<br />
                      org.testng.TestRunner.run(TestRunner.java:617)<br />
                      org.testng.SuiteRunner.runTest(SuiteRunner.java:348)<br />
                      org.testng.SuiteRunner.runSequentially(SuiteRunner.java:343)<br />
                      org.testng.SuiteRunner.privateRun(SuiteRunner.java:305)<br />
                      org.testng.SuiteRunner.run(SuiteRunner.java:254)<br />
                      org.testng.SuiteRunnerWorker.runSuite(SuiteRunnerWorker.java:52)<br />
                      org.testng.SuiteRunnerWorker.run(SuiteRunnerWorker.java:86)<br />
                      org.testng.TestNG.runSuitesSequentially(TestNG.java:1224)<br />
                      org.testng.TestNG.runSuitesLocally(TestNG.java:1149)<br />
                      org.testng.TestNG.run(TestNG.java:1057)<br />
                      com.alipay.autotest.mobile.Main.main(Main.java:69)<br />
                  </div>
          </div>
      </td>
</tr>
      </table>


  
</body>
</html>
